commit 7d2f1da05d7946cbb513fb9d0b32f97146cc9869
Author: marco <marcoabraldepablo@gmail.com>
Date:   Wed Nov 27 15:54:57 2024 +0100

    licencia

commit 90d551e7c21360feec9e58be53574ed25a26b6ff
Author: marco <marcoabraldepablo@gmail.com>
Date:   Wed Nov 27 15:40:20 2024 +0100

    hola mundo

commit 88940d37aaacb63d22fd1ac25d0605225e308fc3
Author: marco <marcoabraldepablo@gmail.com>
Date:   Wed Nov 27 11:48:20 2024 +0100

    cambios

commit 9b05ccd5c40ff8948f12331d8211ae3ee414d146
Author: marco <marcoabraldepablo@gmail.com>
Date:   Wed Nov 27 11:47:16 2024 +0100

    lo añado

commit 79f88e6797a35cd1e32b03281b018b4d76761e16
Author: marco <marcoabraldepablo@gmail.com>
Date:   Wed Nov 27 11:38:18 2024 +0100

    primer caMBIO
